<?xml version="1.0" encoding="utf-8"?>
<TestRun id="b9a4017e-7f4c-482a-b49c-d3d22ca2d961" name="@linuxpc 2024-11-01 14:53:14" xmlns="http://microsoft.com/schemas/VisualStudio/TeamTest/2010">
  <Times creation="2024-11-01T14:53:14.5294767+02:00" queuing="2024-11-01T14:53:14.5294767+02:00" start="2024-11-01T14:53:13.7688405+02:00" finish="2024-11-01T14:53:14.5356568+02:00" />
  <TestSettings name="default" id="2320ae1b-76a8-4d81-acfc-44d5527f0a34">
    <Deployment runDeploymentRoot="_linuxpc_2024-11-01_14_53_14" />
  </TestSettings>
  <Results>
    <UnitTestResult executionId="c21b53e7-a8b6-4c3a-8198-48d9acb7d361" testId="5fe07797-7eb2-6526-437b-b949e55050ec" testName="Test1" computerName="linuxpc" duration="00:00:00.0143190" startTime="2024-11-01T14:53:14.3700285+02:00" endTime="2024-11-01T14:53:14.3843485+02:00" testType="13cdc9d9-ddb5-4fa4-a97d-d965ccfc6d4b" outcome="Passed" testListId="8c84fa94-04c1-424b-9868-57a2d4851a1d" relativeResultsDirectory="c21b53e7-a8b6-4c3a-8198-48d9acb7d361" />
    <UnitTestResult executionId="ee8a342e-0a7c-4221-a48c-64112f9b9162" testId="6a4c62b9-d091-587a-6af5-61fe4ae10b66" testName="Convert_UserToUserDTO_Equals" computerName="linuxpc" duration="00:00:00.0684620" startTime="2024-11-01T14:53:14.2998033+02:00" endTime="2024-11-01T14:53:14.3681719+02:00" testType="13cdc9d9-ddb5-4fa4-a97d-d965ccfc6d4b" outcome="Passed" testListId="8c84fa94-04c1-424b-9868-57a2d4851a1d" relativeResultsDirectory="ee8a342e-0a7c-4221-a48c-64112f9b9162" />
  </Results>
  <TestDefinitions>
    <UnitTest name="Convert_UserToUserDTO_Equals" storage="/home/lequile/teamfinderapi/teamfinderapitest/bin/debug/net8.0/teamfinderapitest.dll" id="6a4c62b9-d091-587a-6af5-61fe4ae10b66">
      <Execution id="ee8a342e-0a7c-4221-a48c-64112f9b9162" />
      <TestMethod codeBase="/home/lequile/TeamFinderAPI/TeamFinderAPITest/bin/Debug/net8.0/TeamFinderAPITest.dll" adapterTypeName="executor://nunit3testexecutor/" className="TeamFinderAPITest.Tests" name="Convert_UserToUserDTO_Equals" />
    </UnitTest>
    <UnitTest name="Test1" storage="/home/lequile/teamfinderapi/teamfinderapitest/bin/debug/net8.0/teamfinderapitest.dll" id="5fe07797-7eb2-6526-437b-b949e55050ec">
      <Execution id="c21b53e7-a8b6-4c3a-8198-48d9acb7d361" />
      <TestMethod codeBase="/home/lequile/TeamFinderAPI/TeamFinderAPITest/bin/Debug/net8.0/TeamFinderAPITest.dll" adapterTypeName="executor://nunit3testexecutor/" className="TeamFinderAPITest.Tests" name="Test1" />
    </UnitTest>
  </TestDefinitions>
  <TestEntries>
    <TestEntry testId="5fe07797-7eb2-6526-437b-b949e55050ec" executionId="c21b53e7-a8b6-4c3a-8198-48d9acb7d361" testListId="8c84fa94-04c1-424b-9868-57a2d4851a1d" />
    <TestEntry testId="6a4c62b9-d091-587a-6af5-61fe4ae10b66" executionId="ee8a342e-0a7c-4221-a48c-64112f9b9162" testListId="8c84fa94-04c1-424b-9868-57a2d4851a1d" />
  </TestEntries>
  <TestLists>
    <TestList name="Results Not in a List" id="8c84fa94-04c1-424b-9868-57a2d4851a1d" />
    <TestList name="All Loaded Results" id="19431567-8539-422a-85d7-44ee4e166bda" />
  </TestLists>
  <ResultSummary outcome="Completed">
    <Counters total="2" executed="2" passed="2" failed="0" error="0" timeout="0" aborted="0" inconclusive="0" passedButRunAborted="0" notRunnable="0" notExecuted="0" disconnected="0" warning="0" completed="0" inProgress="0" pending="0" />
    <Output>
      <StdOut>NUnit Adapter 4.2.0.0: Test execution started
Running all tests in /home/lequile/TeamFinderAPI/TeamFinderAPITest/bin/Debug/net8.0/TeamFinderAPITest.dll
   NUnit3TestExecutor discovered 2 of 2 NUnit test cases using Current Discovery mode, Non-Explicit run
NUnit Adapter 4.2.0.0: Test execution complete
</StdOut>
    </Output>
  </ResultSummary>
</TestRun>