<?xml version="1.0" encoding="utf-8"?>
<TestRun id="4beea543-045b-470f-b722-02574db0804f" name="@linuxpc 2024-11-01 15:04:32" xmlns="http://microsoft.com/schemas/VisualStudio/TeamTest/2010">
  <Times creation="2024-11-01T15:04:32.5576878+02:00" queuing="2024-11-01T15:04:32.5576879+02:00" start="2024-11-01T15:04:31.7992573+02:00" finish="2024-11-01T15:04:32.5640986+02:00" />
  <TestSettings name="default" id="a364f4c5-0f70-4725-ba5a-5cd67bfb01bb">
    <Deployment runDeploymentRoot="_linuxpc_2024-11-01_15_04_32" />
  </TestSettings>
  <Results>
    <UnitTestResult executionId="4c6bee45-3ae4-4bb8-b4bc-9ca4c92bed30" testId="6a4c62b9-d091-587a-6af5-61fe4ae10b66" testName="Convert_UserToUserDTO_Equals" computerName="linuxpc" duration="00:00:00.0739760" startTime="2024-11-01T15:04:32.3278320+02:00" endTime="2024-11-01T15:04:32.4017291+02:00" testType="13cdc9d9-ddb5-4fa4-a97d-d965ccfc6d4b" outcome="Passed" testListId="8c84fa94-04c1-424b-9868-57a2d4851a1d" relativeResultsDirectory="4c6bee45-3ae4-4bb8-b4bc-9ca4c92bed30" />
    <UnitTestResult executionId="a6a80e1c-adb6-49bc-8bd7-2f82e969688d" testId="5fe07797-7eb2-6526-437b-b949e55050ec" testName="Test1" computerName="linuxpc" duration="00:00:00.0147590" startTime="2024-11-01T15:04:32.4035758+02:00" endTime="2024-11-01T15:04:32.4183350+02:00" testType="13cdc9d9-ddb5-4fa4-a97d-d965ccfc6d4b" outcome="Passed" testListId="8c84fa94-04c1-424b-9868-57a2d4851a1d" relativeResultsDirectory="a6a80e1c-adb6-49bc-8bd7-2f82e969688d" />
  </Results>
  <TestDefinitions>
    <UnitTest name="Convert_UserToUserDTO_Equals" storage="/home/lequile/teamfinderapi/teamfinderapitest/bin/debug/net8.0/teamfinderapitest.dll" id="6a4c62b9-d091-587a-6af5-61fe4ae10b66">
      <Execution id="4c6bee45-3ae4-4bb8-b4bc-9ca4c92bed30" />
      <TestMethod codeBase="/home/lequile/TeamFinderAPI/TeamFinderAPITest/bin/Debug/net8.0/TeamFinderAPITest.dll" adapterTypeName="executor://nunit3testexecutor/" className="TeamFinderAPITest.Tests" name="Convert_UserToUserDTO_Equals" />
    </UnitTest>
    <UnitTest name="Test1" storage="/home/lequile/teamfinderapi/teamfinderapitest/bin/debug/net8.0/teamfinderapitest.dll" id="5fe07797-7eb2-6526-437b-b949e55050ec">
      <Execution id="a6a80e1c-adb6-49bc-8bd7-2f82e969688d" />
      <TestMethod codeBase="/home/lequile/TeamFinderAPI/TeamFinderAPITest/bin/Debug/net8.0/TeamFinderAPITest.dll" adapterTypeName="executor://nunit3testexecutor/" className="TeamFinderAPITest.Tests" name="Test1" />
    </UnitTest>
  </TestDefinitions>
  <TestEntries>
    <TestEntry testId="6a4c62b9-d091-587a-6af5-61fe4ae10b66" executionId="4c6bee45-3ae4-4bb8-b4bc-9ca4c92bed30" testListId="8c84fa94-04c1-424b-9868-57a2d4851a1d" />
    <TestEntry testId="5fe07797-7eb2-6526-437b-b949e55050ec" executionId="a6a80e1c-adb6-49bc-8bd7-2f82e969688d" testListId="8c84fa94-04c1-424b-9868-57a2d4851a1d" />
  </TestEntries>
  <TestLists>
    <TestList name="Results Not in a List" id="8c84fa94-04c1-424b-9868-57a2d4851a1d" />
    <TestList name="All Loaded Results" id="19431567-8539-422a-85d7-44ee4e166bda" />
  </TestLists>
  <ResultSummary outcome="Completed">
    <Counters total="2" executed="2" passed="2" failed="0" error="0" timeout="0" aborted="0" inconclusive="0" passedButRunAborted="0" notRunnable="0" notExecuted="0" disconnected="0" warning="0" completed="0" inProgress="0" pending="0" />
    <Output>
      <StdOut>NUnit Adapter 4.2.0.0: Test execution started
Running all tests in /home/lequile/TeamFinderAPI/TeamFinderAPITest/bin/Debug/net8.0/TeamFinderAPITest.dll
   NUnit3TestExecutor discovered 2 of 2 NUnit test cases using Current Discovery mode, Non-Explicit run
NUnit Adapter 4.2.0.0: Test execution complete
</StdOut>
    </Output>
  </ResultSummary>
</TestRun>