<test-run id="2" duration="0.087744" testcasecount="2" total="2" passed="2" failed="0" inconclusive="0" skipped="0" result="Passed" start-time="2024-11-01T13:18:12Z" end-time="2024-11-01T13:18:13Z">
  <test-suite type="Assembly" name="TeamFinderAPITest.dll" fullname="/home/lequile/TeamFinderAPI/TeamFinderAPITest/bin/Debug/net8.0/TeamFinderAPITest.dll" total="2" passed="2" failed="0" inconclusive="0" skipped="0" result="Passed" start-time="2024-11-01T13:18:12Z" end-time="2024-11-01T13:18:12Z" duration="0.087744">
    <test-suite type="TestSuite" name="TeamFinderAPITest" fullname="TeamFinderAPITest" total="2" passed="2" failed="0" inconclusive="0" skipped="0" result="Passed" start-time="2024-11-01T13:18:12Z" end-time="2024-11-01T13:18:12Z" duration="0.087744">
      <test-suite type="TestFixture" name="Tests" fullname="TeamFinderAPITest.Tests" classname="TeamFinderAPITest.Tests" total="2" passed="2" failed="0" inconclusive="0" skipped="0" result="Passed" start-time="2024-11-01T13:18:12Z" end-time="2024-11-01T13:18:12Z" duration="0.087744">
        <test-case name="Convert_UserToUserDTO_Equals" fullname="TeamFinderAPITest.Tests.Convert_UserToUserDTO_Equals" methodname="Convert_UserToUserDTO_Equals" classname="Tests" result="Passed" start-time="2024-11-01T13:18:12Z" end-time="2024-11-01T13:18:12Z" duration="0.076297" asserts="0" seed="1908026557" />
        <test-case name="Test1" fullname="TeamFinderAPITest.Tests.Test1" methodname="Test1" classname="Tests" result="Passed" start-time="2024-11-01T13:18:12Z" end-time="2024-11-01T13:18:12Z" duration="0.011447" asserts="0" seed="357339736" />
      </test-suite>
    </test-suite>
    <errors />
  </test-suite>
</test-run>