<?xml version="1.0" encoding="utf-8"?>
<TestRun id="91e14059-15c8-4d5f-8000-c8d30eafc61a" name="@linuxpc 2024-11-01 14:52:27" xmlns="http://microsoft.com/schemas/VisualStudio/TeamTest/2010">
  <Times creation="2024-11-01T14:52:27.0834184+02:00" queuing="2024-11-01T14:52:27.0834184+02:00" start="2024-11-01T14:52:26.3248668+02:00" finish="2024-11-01T14:52:27.0928824+02:00" />
  <TestSettings name="default" id="5a5addae-a246-4be2-b226-6679cacd2632">
    <Deployment runDeploymentRoot="_linuxpc_2024-11-01_14_52_27" />
  </TestSettings>
  <Results>
    <UnitTestResult executionId="ce97ee43-5ace-48ac-b18e-3cbb79337579" testId="6a4c62b9-d091-587a-6af5-61fe4ae10b66" testName="Convert_UserToUserDTO_Equals" computerName="linuxpc" duration="00:00:00.0712990" startTime="2024-11-01T14:52:26.8579430+02:00" endTime="2024-11-01T14:52:26.9291612+02:00" testType="13cdc9d9-ddb5-4fa4-a97d-d965ccfc6d4b" outcome="Passed" testListId="8c84fa94-04c1-424b-9868-57a2d4851a1d" relativeResultsDirectory="ce97ee43-5ace-48ac-b18e-3cbb79337579" />
    <UnitTestResult executionId="d80b827d-8051-49c6-976e-19236067b99c" testId="5fe07797-7eb2-6526-437b-b949e55050ec" testName="Test1" computerName="linuxpc" duration="00:00:00.0156320" startTime="2024-11-01T14:52:26.9306999+02:00" endTime="2024-11-01T14:52:26.9463320+02:00" testType="13cdc9d9-ddb5-4fa4-a97d-d965ccfc6d4b" outcome="Passed" testListId="8c84fa94-04c1-424b-9868-57a2d4851a1d" relativeResultsDirectory="d80b827d-8051-49c6-976e-19236067b99c" />
  </Results>
  <TestDefinitions>
    <UnitTest name="Convert_UserToUserDTO_Equals" storage="/home/lequile/teamfinderapi/teamfinderapitest/bin/debug/net8.0/teamfinderapitest.dll" id="6a4c62b9-d091-587a-6af5-61fe4ae10b66">
      <Execution id="ce97ee43-5ace-48ac-b18e-3cbb79337579" />
      <TestMethod codeBase="/home/lequile/TeamFinderAPI/TeamFinderAPITest/bin/Debug/net8.0/TeamFinderAPITest.dll" adapterTypeName="executor://nunit3testexecutor/" className="TeamFinderAPITest.Tests" name="Convert_UserToUserDTO_Equals" />
    </UnitTest>
    <UnitTest name="Test1" storage="/home/lequile/teamfinderapi/teamfinderapitest/bin/debug/net8.0/teamfinderapitest.dll" id="5fe07797-7eb2-6526-437b-b949e55050ec">
      <Execution id="d80b827d-8051-49c6-976e-19236067b99c" />
      <TestMethod codeBase="/home/lequile/TeamFinderAPI/TeamFinderAPITest/bin/Debug/net8.0/TeamFinderAPITest.dll" adapterTypeName="executor://nunit3testexecutor/" className="TeamFinderAPITest.Tests" name="Test1" />
    </UnitTest>
  </TestDefinitions>
  <TestEntries>
    <TestEntry testId="6a4c62b9-d091-587a-6af5-61fe4ae10b66" executionId="ce97ee43-5ace-48ac-b18e-3cbb79337579" testListId="8c84fa94-04c1-424b-9868-57a2d4851a1d" />
    <TestEntry testId="5fe07797-7eb2-6526-437b-b949e55050ec" executionId="d80b827d-8051-49c6-976e-19236067b99c" testListId="8c84fa94-04c1-424b-9868-57a2d4851a1d" />
  </TestEntries>
  <TestLists>
    <TestList name="Results Not in a List" id="8c84fa94-04c1-424b-9868-57a2d4851a1d" />
    <TestList name="All Loaded Results" id="19431567-8539-422a-85d7-44ee4e166bda" />
  </TestLists>
  <ResultSummary outcome="Completed">
    <Counters total="2" executed="2" passed="2" failed="0" error="0" timeout="0" aborted="0" inconclusive="0" passedButRunAborted="0" notRunnable="0" notExecuted="0" disconnected="0" warning="0" completed="0" inProgress="0" pending="0" />
    <Output>
      <StdOut>NUnit Adapter 4.2.0.0: Test execution started
Running all tests in /home/lequile/TeamFinderAPI/TeamFinderAPITest/bin/Debug/net8.0/TeamFinderAPITest.dll
   NUnit3TestExecutor discovered 2 of 2 NUnit test cases using Current Discovery mode, Non-Explicit run
NUnit Adapter 4.2.0.0: Test execution complete
</StdOut>
    </Output>
  </ResultSummary>
</TestRun>